<?xml version="1.0" encoding="UTF-8"?>
<!-- Generated by org.testng.reporters.JUnitXMLReporter -->
<testsuite hostname="DESKTOP-KRVQJFM" name="Default test" tests="3" failures="0" timestamp="20 Dec 2019 07:19:43 GMT" time="94.768" errors="0">
  <testcase name="verifyHomePageTitleTest" time="0.026" classname="com.crm.qa.testcases.HomePageTest"/>
  <testcase name="verifyUserNameTest" time="0.055" classname="com.crm.qa.testcases.HomePageTest"/>
  <testcase name="verifyHotelsLinkTest" time="5.695" classname="com.crm.qa.testcases.HomePageTest"/>
</testsuite> <!-- Default test -->
