<?xml version="1.0" encoding="UTF-8"?>
<!-- Generated by org.testng.reporters.JUnitXMLReporter -->
<testsuite hostname="DESKTOP-KRVQJFM" name="Command line test" tests="5" failures="0" timestamp="20 Dec 2019 08:06:39 GMT" time="147.775" errors="0">
  <testcase name="verifyHomePageTitleTest" time="0.016" classname="com.crm.qa.testcases.HomePageTest"/>
  <testcase name="loginPageTitleTest" time="0.012" classname="com.crm.qa.testcases.LoginPageTest"/>
  <testcase name="verifyUserNameTest" time="0.048" classname="com.crm.qa.testcases.HomePageTest"/>
  <testcase name="verifyHotelsLinkTest" time="18.907" classname="com.crm.qa.testcases.HomePageTest"/>
  <testcase name="loginTest" time="0.97" classname="com.crm.qa.testcases.LoginPageTest"/>
</testsuite> <!-- Command line test -->
