<?xml version="1.0" encoding="UTF-8"?>
<!-- Generated by org.testng.reporters.JUnitXMLReporter -->
<testsuite hostname="DESKTOP-KRVQJFM" name="Command line test" tests="5" failures="0" timestamp="20 Dec 2019 08:31:49 GMT" time="128.877" errors="0">
  <testcase name="verifyHomePageTitleTest" time="0.056" classname="com.crm.qa.testcases.HomePageTest"/>
  <testcase name="loginPageTitleTest" time="0.012" classname="com.crm.qa.testcases.LoginPageTest"/>
  <testcase name="verifyUserNameTest" time="0.041" classname="com.crm.qa.testcases.HomePageTest"/>
  <testcase name="verifyHotelsLinkTest" time="3.598" classname="com.crm.qa.testcases.HomePageTest"/>
  <testcase name="loginTest" time="0.76" classname="com.crm.qa.testcases.LoginPageTest"/>
</testsuite> <!-- Command line test -->
