<?xml version="1.0" encoding="UTF-8"?>
<testng-results skipped="0" failed="0" total="5" passed="5">
  <reporter-output>
  </reporter-output>
  <suite name="Command line suite" duration-ms="128877" started-at="2019-12-20T08:29:40Z" finished-at="2019-12-20T08:31:48Z">
    <groups>
    </groups>
    <test name="Command line test" duration-ms="128877" started-at="2019-12-20T08:29:40Z" finished-at="2019-12-20T08:31:48Z">
      <class name="com.crm.qa.testcases.HomePageTest">
        <test-method status="PASS" signature="setUp()[pri:0, instance:com.crm.qa.testcases.HomePageTest@62043840]" name="setUp" is-config="true" duration-ms="29791" started-at="2019-12-20T13:59:40Z" finished-at="2019-12-20T14:00:09Z">
          <reporter-output>
          </reporter-output>
        </test-method> <!-- setUp -->
        <test-method status="PASS" signature="verifyHomePageTitleTest()[pri:1, instance:com.crm.qa.testcases.HomePageTest@62043840]" name="verifyHomePageTitleTest" duration-ms="56" started-at="2019-12-20T14:00:09Z" finished-at="2019-12-20T14:00:09Z">
          <reporter-output>
          </reporter-output>
        </test-method> <!-- verifyHomePageTitleTest -->
        <test-method status="PASS" signature="tearDown()[pri:0, instance:com.crm.qa.testcases.HomePageTest@62043840]" name="tearDown" is-config="true" duration-ms="186" started-at="2019-12-20T14:00:09Z" finished-at="2019-12-20T14:00:10Z">
          <reporter-output>
          </reporter-output>
        </test-method> <!-- tearDown -->
        <test-method status="PASS" signature="setUp()[pri:0, instance:com.crm.qa.testcases.HomePageTest@62043840]" name="setUp" is-config="true" duration-ms="25503" started-at="2019-12-20T14:00:26Z" finished-at="2019-12-20T14:00:52Z">
          <reporter-output>
          </reporter-output>
        </test-method> <!-- setUp -->
        <test-method status="PASS" signature="verifyUserNameTest()[pri:2, instance:com.crm.qa.testcases.HomePageTest@62043840]" name="verifyUserNameTest" duration-ms="41" started-at="2019-12-20T14:00:52Z" finished-at="2019-12-20T14:00:52Z">
          <reporter-output>
          </reporter-output>
        </test-method> <!-- verifyUserNameTest -->
        <test-method status="PASS" signature="tearDown()[pri:0, instance:com.crm.qa.testcases.HomePageTest@62043840]" name="tearDown" is-config="true" duration-ms="4331" started-at="2019-12-20T14:00:52Z" finished-at="2019-12-20T14:00:56Z">
          <reporter-output>
          </reporter-output>
        </test-method> <!-- tearDown -->
        <test-method status="PASS" signature="setUp()[pri:0, instance:com.crm.qa.testcases.HomePageTest@62043840]" name="setUp" is-config="true" duration-ms="27627" started-at="2019-12-20T14:00:56Z" finished-at="2019-12-20T14:01:24Z">
          <reporter-output>
          </reporter-output>
        </test-method> <!-- setUp -->
        <test-method status="PASS" signature="verifyHotelsLinkTest()[pri:3, instance:com.crm.qa.testcases.HomePageTest@62043840]" name="verifyHotelsLinkTest" duration-ms="3598" started-at="2019-12-20T14:01:24Z" finished-at="2019-12-20T14:01:27Z">
          <reporter-output>
          </reporter-output>
        </test-method> <!-- verifyHotelsLinkTest -->
        <test-method status="PASS" signature="tearDown()[pri:0, instance:com.crm.qa.testcases.HomePageTest@62043840]" name="tearDown" is-config="true" duration-ms="4319" started-at="2019-12-20T14:01:27Z" finished-at="2019-12-20T14:01:32Z">
          <reporter-output>
          </reporter-output>
        </test-method> <!-- tearDown -->
      </class> <!-- com.crm.qa.testcases.HomePageTest -->
      <class name="com.crm.qa.testcases.LoginPageTest">
        <test-method status="PASS" signature="setUp()[pri:0, instance:com.crm.qa.testcases.LoginPageTest@5315b42e]" name="setUp" is-config="true" duration-ms="16000" started-at="2019-12-20T14:00:10Z" finished-at="2019-12-20T14:00:26Z">
          <reporter-output>
          </reporter-output>
        </test-method> <!-- setUp -->
        <test-method status="PASS" signature="loginPageTitleTest()[pri:1, instance:com.crm.qa.testcases.LoginPageTest@5315b42e]" name="loginPageTitleTest" duration-ms="12" started-at="2019-12-20T14:00:26Z" finished-at="2019-12-20T14:00:26Z">
          <reporter-output>
          </reporter-output>
        </test-method> <!-- loginPageTitleTest -->
        <test-method status="PASS" signature="tearDown()[pri:0, instance:com.crm.qa.testcases.LoginPageTest@5315b42e]" name="tearDown" is-config="true" duration-ms="714" started-at="2019-12-20T14:00:26Z" finished-at="2019-12-20T14:00:26Z">
          <reporter-output>
          </reporter-output>
        </test-method> <!-- tearDown -->
        <test-method status="PASS" signature="setUp()[pri:0, instance:com.crm.qa.testcases.LoginPageTest@5315b42e]" name="setUp" is-config="true" duration-ms="15120" started-at="2019-12-20T14:01:32Z" finished-at="2019-12-20T14:01:47Z">
          <reporter-output>
          </reporter-output>
        </test-method> <!-- setUp -->
        <test-method status="PASS" signature="loginTest()[pri:3, instance:com.crm.qa.testcases.LoginPageTest@5315b42e]" name="loginTest" duration-ms="760" started-at="2019-12-20T14:01:47Z" finished-at="2019-12-20T14:01:48Z">
          <reporter-output>
          </reporter-output>
        </test-method> <!-- loginTest -->
        <test-method status="PASS" signature="tearDown()[pri:0, instance:com.crm.qa.testcases.LoginPageTest@5315b42e]" name="tearDown" is-config="true" duration-ms="799" started-at="2019-12-20T14:01:48Z" finished-at="2019-12-20T14:01:48Z">
          <reporter-output>
          </reporter-output>
        </test-method> <!-- tearDown -->
      </class> <!-- com.crm.qa.testcases.LoginPageTest -->
    </test> <!-- Command line test -->
  </suite> <!-- Command line suite -->
</testng-results>
