<?xml version="1.0" encoding="UTF-8"?>
<testng-results skipped="0" failed="0" total="2" passed="2">
  <reporter-output>
  </reporter-output>
  <suite name="Default suite" duration-ms="33901" started-at="2019-12-17T09:38:50Z" finished-at="2019-12-17T09:39:23Z">
    <groups>
    </groups>
    <test name="Default test" duration-ms="33901" started-at="2019-12-17T09:38:50Z" finished-at="2019-12-17T09:39:23Z">
      <class name="com.crm.qa.testcases.LoginPageTest_N">
        <test-method status="PASS" signature="setUp()[pri:0, instance:com.crm.qa.testcases.LoginPageTest_N@42d80b78]" name="setUp" is-config="true" duration-ms="16434" started-at="2019-12-17T15:08:50Z" finished-at="2019-12-17T15:09:06Z">
          <reporter-output>
          </reporter-output>
        </test-method> <!-- setUp -->
        <test-method status="PASS" signature="loginPageTitleTest()[pri:1, instance:com.crm.qa.testcases.LoginPageTest_N@42d80b78]" name="loginPageTitleTest" duration-ms="32" started-at="2019-12-17T15:09:06Z" finished-at="2019-12-17T15:09:06Z">
          <reporter-output>
          </reporter-output>
        </test-method> <!-- loginPageTitleTest -->
        <test-method status="PASS" signature="tearDown()[pri:0, instance:com.crm.qa.testcases.LoginPageTest_N@42d80b78]" name="tearDown" is-config="true" duration-ms="186" started-at="2019-12-17T15:09:06Z" finished-at="2019-12-17T15:09:06Z">
          <reporter-output>
          </reporter-output>
        </test-method> <!-- tearDown -->
        <test-method status="PASS" signature="setUp()[pri:0, instance:com.crm.qa.testcases.LoginPageTest_N@42d80b78]" name="setUp" is-config="true" duration-ms="15890" started-at="2019-12-17T15:09:06Z" finished-at="2019-12-17T15:09:22Z">
          <reporter-output>
          </reporter-output>
        </test-method> <!-- setUp -->
        <test-method status="PASS" signature="loginTest()[pri:3, instance:com.crm.qa.testcases.LoginPageTest_N@42d80b78]" name="loginTest" duration-ms="1099" started-at="2019-12-17T15:09:22Z" finished-at="2019-12-17T15:09:23Z">
          <reporter-output>
          </reporter-output>
        </test-method> <!-- loginTest -->
        <test-method status="PASS" signature="tearDown()[pri:0, instance:com.crm.qa.testcases.LoginPageTest_N@42d80b78]" name="tearDown" is-config="true" duration-ms="229" started-at="2019-12-17T15:09:23Z" finished-at="2019-12-17T15:09:23Z">
          <reporter-output>
          </reporter-output>
        </test-method> <!-- tearDown -->
      </class> <!-- com.crm.qa.testcases.LoginPageTest_N -->
    </test> <!-- Default test -->
  </suite> <!-- Default suite -->
</testng-results>
