<?xml version="1.0" encoding="UTF-8"?>
<testng-results skipped="0" failed="0" total="1" passed="1">
  <reporter-output>
  </reporter-output>
  <suite name="Default suite" duration-ms="15729" started-at="2019-12-15T11:46:17Z" finished-at="2019-12-15T11:46:32Z">
    <groups>
    </groups>
    <test name="Default test" duration-ms="15729" started-at="2019-12-15T11:46:17Z" finished-at="2019-12-15T11:46:32Z">
      <class name="com.crm.qa.testcases.LoginPageTest_N">
        <test-method status="PASS" signature="setUp()[pri:0, instance:com.crm.qa.testcases.LoginPageTest_N@42d80b78]" name="setUp" is-config="true" duration-ms="14882" started-at="2019-12-15T17:16:17Z" finished-at="2019-12-15T17:16:31Z">
          <reporter-output>
          </reporter-output>
        </test-method> <!-- setUp -->
        <test-method status="PASS" signature="loginPageTitleTest()[pri:1, instance:com.crm.qa.testcases.LoginPageTest_N@42d80b78]" name="loginPageTitleTest" duration-ms="438" started-at="2019-12-15T17:16:31Z" finished-at="2019-12-15T17:16:32Z">
          <reporter-output>
          </reporter-output>
        </test-method> <!-- loginPageTitleTest -->
        <test-method status="PASS" signature="tearDown()[pri:0, instance:com.crm.qa.testcases.LoginPageTest_N@42d80b78]" name="tearDown" is-config="true" duration-ms="389" started-at="2019-12-15T17:16:32Z" finished-at="2019-12-15T17:16:32Z">
          <reporter-output>
          </reporter-output>
        </test-method> <!-- tearDown -->
      </class> <!-- com.crm.qa.testcases.LoginPageTest_N -->
    </test> <!-- Default test -->
  </suite> <!-- Default suite -->
</testng-results>
